{
  "RSpec": {
    "coverage": {
      "/Users/fabian/Google Drive/Dev BootCamp/Excercises/Portofolio/phase_tree/live-together/app/models/chore.rb": [
        1,
        null,
        1,
        null,
        1,
        null,
        null
      ],
      "/Users/fabian/Google Drive/Dev BootCamp/Excercises/Portofolio/phase_tree/live-together/app/models/house.rb": [
        1,
        null,
        1,
        null,
        1,
        1,
        null,
        null
      ],
      "/Users/fabian/Google Drive/Dev BootCamp/Excercises/Portofolio/phase_tree/live-together/app/controllers/application_controller.rb": [
        1,
        null,
        null,
        1,
        null
      ],
      "/Users/fabian/Google Drive/Dev BootCamp/Excercises/Portofolio/phase_tree/live-together/app/controllers/houses_controller.rb": [
        1,
        1,
        null,
        1,
        null,
        null,
        null
      ]
    },
    "timestamp": 1378425346
  }
}
