{
  "RSpec": {
    "coverage": {
      "/Users/apprentice/Desktop/LiveTogether/app/models/chore.rb": [
        1,
        null,
        1,
        null,
        null
      ],
      "/Users/apprentice/Desktop/LiveTogether/app/controllers/application_controller.rb": [
        1,
        null,
        null,
        1,
        null
      ],
      "/Users/apprentice/Desktop/LiveTogether/app/controllers/houses_controller.rb": [
        1,
        1,
        null,
        1,
        null,
        null,
        null
      ]
    },
    "timestamp": 1378421734
  }
}
